# JRE version: Java(TM) SE Runtime Environment (12.0.1+12) (build 12.0.1+12)
# Java VM: Java HotSpot(TM) 64-Bit Server VM (12.0.1+12, mixed mode, sharing, tiered, compressed oops, g1 gc, bsd-amd64)
Heap:
 garbage-first heap   total 45056K, used 30676K [0x0000000780000000, 0x0000000800000000)
  region size 1024K, 11 young (11264K), 2 survivors (2048K)
 Metaspace       used 35123K, capacity 36498K, committed 36808K, reserved 1081344K
  class space    used 4561K, capacity 5115K, committed 5168K, reserved 1048576K
GC Heap History (10 events):
Event: 1.737 GC heap before
{Heap before GC invocations=1 (full 0):
 garbage-first heap   total 133120K, used 48448K [0x0000000780000000, 0x0000000800000000)
  region size 1024K, 47 young (48128K), 3 survivors (3072K)
 Metaspace       used 20224K, capacity 21079K, committed 21296K, reserved 1067008K
  class space    used 2766K, capacity 3092K, committed 3120K, reserved 1048576K
}
Event: 1.745 GC heap after
{Heap after GC invocations=2 (full 0):
 garbage-first heap   total 133120K, used 10010K [0x0000000780000000, 0x0000000800000000)
  region size 1024K, 9 young (9216K), 9 survivors (9216K)
 Metaspace       used 20224K, capacity 21079K, committed 21296K, reserved 1067008K
  class space    used 2766K, capacity 3092K, committed 3120K, reserved 1048576K
}
Event: 2.894 GC heap before
{Heap before GC invocations=3 (full 0):
 garbage-first heap   total 45056K, used 29466K [0x0000000780000000, 0x0000000800000000)
  region size 1024K, 26 young (26624K), 9 survivors (9216K)
 Metaspace       used 23826K, capacity 24852K, committed 25008K, reserved 1071104K
  class space    used 3287K, capacity 3719K, committed 3760K, reserved 1048576K
}
Event: 2.907 GC heap after
{Heap after GC invocations=4 (full 0):
 garbage-first heap   total 45056K, used 15215K [0x0000000780000000, 0x0000000800000000)
  region size 1024K, 3 young (3072K), 3 survivors (3072K)
 Metaspace       used 23826K, capacity 24852K, committed 25008K, reserved 1071104K
  class space    used 3287K, capacity 3719K, committed 3760K, reserved 1048576K
}
Event: 8.600 GC heap before
{Heap before GC invocations=4 (full 0):
 garbage-first heap   total 45056K, used 29551K [0x0000000780000000, 0x0000000800000000)
  region size 1024K, 17 young (17408K), 3 survivors (3072K)
 Metaspace       used 25307K, capacity 26547K, committed 26672K, reserved 1073152K
  class space    used 3380K, capacity 3875K, committed 3888K, reserved 1048576K
}
Event: 8.604 GC heap after
{Heap after GC invocations=5 (full 0):
 garbage-first heap   total 45056K, used 17790K [0x0000000780000000, 0x0000000800000000)
  region size 1024K, 3 young (3072K), 3 survivors (3072K)
 Metaspace       used 25307K, capacity 26547K, committed 26672K, reserved 1073152K
  class space    used 3380K, capacity 3875K, committed 3888K, reserved 1048576K
}
Event: 17.055 GC heap before
{Heap before GC invocations=5 (full 0):
 garbage-first heap   total 45056K, used 30078K [0x0000000780000000, 0x0000000800000000)
  region size 1024K, 15 young (15360K), 3 survivors (3072K)
 Metaspace       used 25911K, capacity 27083K, committed 27184K, reserved 1073152K
  class space    used 3397K, capacity 3882K, committed 3888K, reserved 1048576K
}
Event: 17.058 GC heap after
{Heap after GC invocations=6 (full 0):
 garbage-first heap   total 45056K, used 19138K [0x0000000780000000, 0x0000000800000000)
  region size 1024K, 2 young (2048K), 2 survivors (2048K)
 Metaspace       used 25911K, capacity 27083K, committed 27184K, reserved 1073152K
  class space    used 3397K, capacity 3882K, committed 3888K, reserved 1048576K
}
Event: 18.134 GC heap before
{Heap before GC invocations=6 (full 0):
 garbage-first heap   total 45056K, used 27330K [0x0000000780000000, 0x0000000800000000)
  region size 1024K, 11 young (11264K), 2 survivors (2048K)
 Metaspace       used 34164K, capacity 35511K, committed 35708K, reserved 1079296K
  class space    used 4457K, capacity 4999K, committed 5040K, reserved 1048576K
}
Event: 18.139 GC heap after
{Heap after GC invocations=7 (full 0):
 garbage-first heap   total 45056K, used 22484K [0x0000000780000000, 0x0000000800000000)
  region size 1024K, 2 young (2048K), 2 survivors (2048K)
 Metaspace       used 34164K, capacity 35511K, committed 35708K, reserved 1079296K
  class space    used 4457K, capacity 4999K, committed 5040K, reserved 1048576K
}

