# JRE version: Java(TM) SE Runtime Environment (12.0.1+12) (build 12.0.1+12)
# Java VM: Java HotSpot(TM) 64-Bit Server VM (12.0.1+12, mixed mode, sharing, tiered, compressed oops, g1 gc, bsd-amd64)
Heap:
 garbage-first heap   total 188416K, used 120101K [0x0000000780000000, 0x0000000800000000)
  region size 1024K, 15 young (15360K), 3 survivors (3072K)
 Metaspace       used 34468K, capacity 35633K, committed 35968K, reserved 1081344K
  class space    used 4244K, capacity 4734K, committed 4736K, reserved 1048576K
GC Heap History (10 events):
Event: 19.800 GC heap before
{Heap before GC invocations=27 (full 0):
 garbage-first heap   total 124928K, used 87222K [0x0000000780000000, 0x0000000800000000)
  region size 1024K, 14 young (14336K), 2 survivors (2048K)
 Metaspace       used 33517K, capacity 34717K, committed 34944K, reserved 1079296K
  class space    used 4198K, capacity 4689K, committed 4736K, reserved 1048576K
}
Event: 19.803 GC heap after
{Heap after GC invocations=28 (full 0):
 garbage-first heap   total 124928K, used 81825K [0x0000000780000000, 0x0000000800000000)
  region size 1024K, 2 young (2048K), 2 survivors (2048K)
 Metaspace       used 33517K, capacity 34717K, committed 34944K, reserved 1079296K
  class space    used 4198K, capacity 4689K, committed 4736K, reserved 1048576K
}
Event: 51.318 GC heap before
{Heap before GC invocations=29 (full 0):
 garbage-first heap   total 142336K, used 91041K [0x0000000780000000, 0x0000000800000000)
  region size 1024K, 12 young (12288K), 2 survivors (2048K)
 Metaspace       used 34227K, capacity 35410K, committed 35712K, reserved 1081344K
  class space    used 4236K, capacity 4724K, committed 4736K, reserved 1048576K
}
Event: 51.322 GC heap after
{Heap after GC invocations=30 (full 0):
 garbage-first heap   total 142336K, used 82506K [0x0000000780000000, 0x0000000800000000)
  region size 1024K, 1 young (1024K), 1 survivors (1024K)
 Metaspace       used 34227K, capacity 35410K, committed 35712K, reserved 1081344K
  class space    used 4236K, capacity 4724K, committed 4736K, reserved 1048576K
}
Event: 58.513 GC heap before
{Heap before GC invocations=30 (full 0):
 garbage-first heap   total 142336K, used 97866K [0x0000000780000000, 0x0000000800000000)
  region size 1024K, 17 young (17408K), 1 survivors (1024K)
 Metaspace       used 34366K, capacity 35539K, committed 35712K, reserved 1081344K
  class space    used 4237K, capacity 4724K, committed 4736K, reserved 1048576K
}
Event: 58.520 GC heap after
{Heap after GC invocations=31 (full 0):
 garbage-first heap   total 142336K, used 90438K [0x0000000780000000, 0x0000000800000000)
  region size 1024K, 3 young (3072K), 3 survivors (3072K)
 Metaspace       used 34366K, capacity 35539K, committed 35712K, reserved 1081344K
  class space    used 4237K, capacity 4724K, committed 4736K, reserved 1048576K
}
Event: 59.006 GC heap before
{Heap before GC invocations=32 (full 0):
 garbage-first heap   total 157696K, used 102726K [0x0000000780000000, 0x0000000800000000)
  region size 1024K, 16 young (16384K), 3 survivors (3072K)
 Metaspace       used 34366K, capacity 35539K, committed 35712K, reserved 1081344K
  class space    used 4237K, capacity 4724K, committed 4736K, reserved 1048576K
}
Event: 59.014 GC heap after
{Heap after GC invocations=33 (full 0):
 garbage-first heap   total 157696K, used 99057K [0x0000000780000000, 0x0000000800000000)
  region size 1024K, 2 young (2048K), 2 survivors (2048K)
 Metaspace       used 34366K, capacity 35539K, committed 35712K, reserved 1081344K
  class space    used 4237K, capacity 4724K, committed 4736K, reserved 1048576K
}
Event: 59.582 GC heap before
{Heap before GC invocations=33 (full 0):
 garbage-first heap   total 157696K, used 113393K [0x0000000780000000, 0x0000000800000000)
  region size 1024K, 17 young (17408K), 2 survivors (2048K)
 Metaspace       used 34373K, capacity 35539K, committed 35712K, reserved 1081344K
  class space    used 4237K, capacity 4724K, committed 4736K, reserved 1048576K
}
Event: 59.596 GC heap after
{Heap after GC invocations=34 (full 0):
 garbage-first heap   total 157696K, used 108837K [0x0000000780000000, 0x0000000800000000)
  region size 1024K, 3 young (3072K), 3 survivors (3072K)
 Metaspace       used 34373K, capacity 35539K, committed 35712K, reserved 1081344K
  class space    used 4237K, capacity 4724K, committed 4736K, reserved 1048576K
}

