# JRE version: Java(TM) SE Runtime Environment (12.0.1+12) (build 12.0.1+12)
# Java VM: Java HotSpot(TM) 64-Bit Server VM (12.0.1+12, mixed mode, sharing, tiered, compressed oops, g1 gc, bsd-amd64)
Heap:
 garbage-first heap   total 83968K, used 55617K [0x0000000780000000, 0x0000000800000000)
  region size 1024K, 9 young (9216K), 1 survivors (1024K)
 Metaspace       used 33610K, capacity 34829K, committed 34944K, reserved 1079296K
  class space    used 4219K, capacity 4726K, committed 4736K, reserved 1048576K
GC Heap History (10 events):
Event: 8.980 GC heap before
{Heap before GC invocations=10 (full 0):
 garbage-first heap   total 63488K, used 36187K [0x0000000780000000, 0x0000000800000000)
  region size 1024K, 4 young (4096K), 1 survivors (1024K)
 Metaspace       used 24128K, capacity 25172K, committed 25472K, reserved 1071104K
  class space    used 3190K, capacity 3589K, committed 3712K, reserved 1048576K
}
Event: 8.983 GC heap after
{Heap after GC invocations=11 (full 0):
 garbage-first heap   total 63488K, used 36263K [0x0000000780000000, 0x0000000800000000)
  region size 1024K, 1 young (1024K), 1 survivors (1024K)
 Metaspace       used 24128K, capacity 25172K, committed 25472K, reserved 1071104K
  class space    used 3190K, capacity 3589K, committed 3712K, reserved 1048576K
}
Event: 9.452 GC heap before
{Heap before GC invocations=11 (full 0):
 garbage-first heap   total 63488K, used 41383K [0x0000000780000000, 0x0000000800000000)
  region size 1024K, 7 young (7168K), 1 survivors (1024K)
 Metaspace       used 24152K, capacity 25173K, committed 25472K, reserved 1071104K
  class space    used 3190K, capacity 3589K, committed 3712K, reserved 1048576K
}
Event: 9.457 GC heap after
{Heap after GC invocations=12 (full 0):
 garbage-first heap   total 63488K, used 40154K [0x0000000780000000, 0x0000000800000000)
  region size 1024K, 1 young (1024K), 1 survivors (1024K)
 Metaspace       used 24152K, capacity 25173K, committed 25472K, reserved 1071104K
  class space    used 3190K, capacity 3589K, committed 3712K, reserved 1048576K
}
Event: 9.864 GC heap before
{Heap before GC invocations=13 (full 0):
 garbage-first heap   total 71680K, used 44250K [0x0000000780000000, 0x0000000800000000)
  region size 1024K, 6 young (6144K), 1 survivors (1024K)
 Metaspace       used 24179K, capacity 25173K, committed 25472K, reserved 1071104K
  class space    used 3190K, capacity 3589K, committed 3712K, reserved 1048576K
}
Event: 9.869 GC heap after
{Heap after GC invocations=14 (full 0):
 garbage-first heap   total 71680K, used 43452K [0x0000000780000000, 0x0000000800000000)
  region size 1024K, 1 young (1024K), 1 survivors (1024K)
 Metaspace       used 24179K, capacity 25173K, committed 25472K, reserved 1071104K
  class space    used 3190K, capacity 3589K, committed 3712K, reserved 1048576K
}
Event: 10.275 GC heap before
{Heap before GC invocations=14 (full 0):
 garbage-first heap   total 71680K, used 49596K [0x0000000780000000, 0x0000000800000000)
  region size 1024K, 7 young (7168K), 1 survivors (1024K)
 Metaspace       used 28085K, capacity 29183K, committed 29568K, reserved 1075200K
  class space    used 3643K, capacity 4100K, committed 4224K, reserved 1048576K
}
Event: 10.279 GC heap after
{Heap after GC invocations=15 (full 0):
 garbage-first heap   total 71680K, used 46697K [0x0000000780000000, 0x0000000800000000)
  region size 1024K, 1 young (1024K), 1 survivors (1024K)
 Metaspace       used 28085K, capacity 29183K, committed 29568K, reserved 1075200K
  class space    used 3643K, capacity 4100K, committed 4224K, reserved 1048576K
}
Event: 15.952 GC heap before
{Heap before GC invocations=16 (full 0):
 garbage-first heap   total 83968K, used 51817K [0x0000000780000000, 0x0000000800000000)
  region size 1024K, 6 young (6144K), 1 survivors (1024K)
 Metaspace       used 32800K, capacity 34009K, committed 34176K, reserved 1079296K
  class space    used 4207K, capacity 4711K, committed 4736K, reserved 1048576K
}
Event: 15.956 GC heap after
{Heap after GC invocations=17 (full 0):
 garbage-first heap   total 83968K, used 48449K [0x0000000780000000, 0x0000000800000000)
  region size 1024K, 1 young (1024K), 1 survivors (1024K)
 Metaspace       used 32800K, capacity 34009K, committed 34176K, reserved 1079296K
  class space    used 4207K, capacity 4711K, committed 4736K, reserved 1048576K
}

